build/app/intermediates/manifest_merge_blame_file/debug/manifest-merger-blame-debug-report.txt
1<?xml version="1.0" encoding="utf-8"?>
2<manifest xmlns:android="http://schemas.android.com/apk/res/android"
3    package="com.djinworks.quizapp"
4    android:versionCode="1"
5    android:versionName="1.0.0" >
6
7    <uses-sdk
8        android:minSdkVersion="16"
9        android:targetSdkVersion="31" />
10    <!--
11         The INTERNET permission is required for development. Specifically,
12         the Flutter tool needs it to communicate with the running application
13         to allow setting breakpoints, to provide hot reload, etc.
14    -->
15    <uses-permission android:name="android.permission.INTERNET" />
15-->src\debug\AndroidManifest.xml:7:5-66
15-->src\debug\AndroidManifest.xml:7:22-64
16    <uses-permission android:name="android.permission.ACCESS_NETWORK_STATE" />
16-->[com.google.firebase:firebase-auth:21.0.5] AndroidManifest.xml:24:5-79
16-->[com.google.firebase:firebase-auth:21.0.5] AndroidManifest.xml:24:22-76
17
18    <application
19        android:name="android.app.Application"
20        android:appComponentFactory="androidx.core.app.CoreComponentFactory"
20-->[androidx.core:core:1.6.0] AndroidManifest.xml:24:18-86
21        android:debuggable="true"
22        android:icon="@mipmap/ic_launcher"
23        android:label="quizapp" >
24        <activity
25            android:name="com.djinworks.quizapp.MainActivity"
26            android:configChanges="orientation|keyboardHidden|keyboard|screenSize|smallestScreenSize|locale|layoutDirection|fontScale|screenLayout|density|uiMode"
27            android:exported="true"
28            android:hardwareAccelerated="true"
29            android:launchMode="singleTop"
30            android:theme="@style/LaunchTheme"
31            android:windowSoftInputMode="adjustResize" >
32
33            <!--
34                 Specifies an Android theme to apply to this Activity as soon as
35                 the Android process has started. This theme is visible to the user
36                 while the Flutter UI initializes. After that, this theme continues
37                 to determine the Window background behind the Flutter UI.
38            -->
39            <meta-data
40                android:name="io.flutter.embedding.android.NormalTheme"
41                android:resource="@style/NormalTheme" />
42
43            <intent-filter>
44                <action android:name="android.intent.action.MAIN" />
45
46                <category android:name="android.intent.category.LAUNCHER" />
47            </intent-filter>
48        </activity>
49        <!--
50             Don't delete the meta-data below.
51             This is used by the Flutter tool to generate GeneratedPluginRegistrant.java
52        -->
53        <meta-data
54            android:name="flutterEmbedding"
55            android:value="2" />
56
57        <service
57-->[:firebase_auth] AndroidManifest.xml:10:9-14:19
58            android:name="com.google.firebase.components.ComponentDiscoveryService"
58-->[:firebase_auth] AndroidManifest.xml:10:18-89
59            android:directBootAware="true"
59-->[com.google.firebase:firebase-common:20.1.1] AndroidManifest.xml:35:13-43
60            android:exported="false" >
60-->[com.google.firebase:firebase-auth:21.0.5] AndroidManifest.xml:66:13-37
61            <meta-data
61-->[:firebase_auth] AndroidManifest.xml:11:13-13:85
62                android:name="com.google.firebase.components:io.flutter.plugins.firebase.auth.FlutterFirebaseAuthRegistrar"
62-->[:firebase_auth] AndroidManifest.xml:12:17-124
63                android:value="com.google.firebase.components.ComponentRegistrar" />
63-->[:firebase_auth] AndroidManifest.xml:13:17-82
64            <meta-data
64-->[:firebase_core] AndroidManifest.xml:11:13-13:85
65                android:name="com.google.firebase.components:io.flutter.plugins.firebase.core.FlutterFirebaseCoreRegistrar"
65-->[:firebase_core] AndroidManifest.xml:12:17-124
66                android:value="com.google.firebase.components.ComponentRegistrar" />
66-->[:firebase_core] AndroidManifest.xml:13:17-82
67            <meta-data
67-->[com.google.firebase:firebase-auth:21.0.5] AndroidManifest.xml:67:13-69:85
68                android:name="com.google.firebase.components:com.google.firebase.auth.FirebaseAuthRegistrar"
68-->[com.google.firebase:firebase-auth:21.0.5] AndroidManifest.xml:68:17-109
69                android:value="com.google.firebase.components.ComponentRegistrar" />
69-->[com.google.firebase:firebase-auth:21.0.5] AndroidManifest.xml:69:17-82
70        </service>
71
72        <uses-library
72-->[androidx.window:window:1.0.0-beta04] AndroidManifest.xml:25:9-27:40
73            android:name="androidx.window.extensions"
73-->[androidx.window:window:1.0.0-beta04] AndroidManifest.xml:26:13-54
74            android:required="false" />
74-->[androidx.window:window:1.0.0-beta04] AndroidManifest.xml:27:13-37
75        <uses-library
75-->[androidx.window:window:1.0.0-beta04] AndroidManifest.xml:28:9-30:40
76            android:name="androidx.window.sidecar"
76-->[androidx.window:window:1.0.0-beta04] AndroidManifest.xml:29:13-51
77            android:required="false" />
77-->[androidx.window:window:1.0.0-beta04] AndroidManifest.xml:30:13-37
78
79        <activity
79-->[com.google.firebase:firebase-auth:21.0.5] AndroidManifest.xml:27:9-44:20
80            android:name="com.google.firebase.auth.internal.GenericIdpActivity"
80-->[com.google.firebase:firebase-auth:21.0.5] AndroidManifest.xml:28:13-80
81            android:excludeFromRecents="true"
81-->[com.google.firebase:firebase-auth:21.0.5] AndroidManifest.xml:29:13-46
82            android:exported="true"
82-->[com.google.firebase:firebase-auth:21.0.5] AndroidManifest.xml:30:13-36
83            android:launchMode="singleTask"
83-->[com.google.firebase:firebase-auth:21.0.5] AndroidManifest.xml:31:13-44
84            android:theme="@android:style/Theme.Translucent.NoTitleBar" >
84-->[com.google.firebase:firebase-auth:21.0.5] AndroidManifest.xml:32:13-72
85            <intent-filter>
85-->[com.google.firebase:firebase-auth:21.0.5] AndroidManifest.xml:33:13-43:29
86                <action android:name="android.intent.action.VIEW" />
86-->[com.google.firebase:firebase-auth:21.0.5] AndroidManifest.xml:34:17-69
86-->[com.google.firebase:firebase-auth:21.0.5] AndroidManifest.xml:34:25-66
87
88                <category android:name="android.intent.category.DEFAULT" />
88-->[com.google.firebase:firebase-auth:21.0.5] AndroidManifest.xml:36:17-76
88-->[com.google.firebase:firebase-auth:21.0.5] AndroidManifest.xml:36:27-73
89                <category android:name="android.intent.category.BROWSABLE" />
89-->[com.google.firebase:firebase-auth:21.0.5] AndroidManifest.xml:37:17-78
89-->[com.google.firebase:firebase-auth:21.0.5] AndroidManifest.xml:37:27-75
90
91                <data
91-->[com.google.firebase:firebase-auth:21.0.5] AndroidManifest.xml:39:17-42:51
92                    android:host="firebase.auth"
92-->[com.google.firebase:firebase-auth:21.0.5] AndroidManifest.xml:40:21-49
93                    android:path="/"
93-->[com.google.firebase:firebase-auth:21.0.5] AndroidManifest.xml:41:21-37
94                    android:scheme="genericidp" />
94-->[com.google.firebase:firebase-auth:21.0.5] AndroidManifest.xml:42:21-48
95            </intent-filter>
96        </activity>
97        <activity
97-->[com.google.firebase:firebase-auth:21.0.5] AndroidManifest.xml:45:9-62:20
98            android:name="com.google.firebase.auth.internal.RecaptchaActivity"
98-->[com.google.firebase:firebase-auth:21.0.5] AndroidManifest.xml:46:13-79
99            android:excludeFromRecents="true"
99-->[com.google.firebase:firebase-auth:21.0.5] AndroidManifest.xml:47:13-46
100            android:exported="true"
100-->[com.google.firebase:firebase-auth:21.0.5] AndroidManifest.xml:48:13-36
101            android:launchMode="singleTask"
101-->[com.google.firebase:firebase-auth:21.0.5] AndroidManifest.xml:49:13-44
102            android:theme="@android:style/Theme.Translucent.NoTitleBar" >
102-->[com.google.firebase:firebase-auth:21.0.5] AndroidManifest.xml:50:13-72
103            <intent-filter>
103-->[com.google.firebase:firebase-auth:21.0.5] AndroidManifest.xml:51:13-61:29
104                <action android:name="android.intent.action.VIEW" />
104-->[com.google.firebase:firebase-auth:21.0.5] AndroidManifest.xml:34:17-69
104-->[com.google.firebase:firebase-auth:21.0.5] AndroidManifest.xml:34:25-66
105
106                <category android:name="android.intent.category.DEFAULT" />
106-->[com.google.firebase:firebase-auth:21.0.5] AndroidManifest.xml:36:17-76
106-->[com.google.firebase:firebase-auth:21.0.5] AndroidManifest.xml:36:27-73
107                <category android:name="android.intent.category.BROWSABLE" />
107-->[com.google.firebase:firebase-auth:21.0.5] AndroidManifest.xml:37:17-78
107-->[com.google.firebase:firebase-auth:21.0.5] AndroidManifest.xml:37:27-75
108
109                <data
109-->[com.google.firebase:firebase-auth:21.0.5] AndroidManifest.xml:39:17-42:51
110                    android:host="firebase.auth"
110-->[com.google.firebase:firebase-auth:21.0.5] AndroidManifest.xml:40:21-49
111                    android:path="/"
111-->[com.google.firebase:firebase-auth:21.0.5] AndroidManifest.xml:41:21-37
112                    android:scheme="recaptcha" />
112-->[com.google.firebase:firebase-auth:21.0.5] AndroidManifest.xml:42:21-48
113            </intent-filter>
114        </activity>
115
116        <provider
116-->[com.google.firebase:firebase-common:20.1.1] AndroidManifest.xml:26:9-31:39
117            android:name="com.google.firebase.provider.FirebaseInitProvider"
117-->[com.google.firebase:firebase-common:20.1.1] AndroidManifest.xml:27:13-77
118            android:authorities="com.djinworks.quizapp.firebaseinitprovider"
118-->[com.google.firebase:firebase-common:20.1.1] AndroidManifest.xml:28:13-72
119            android:directBootAware="true"
119-->[com.google.firebase:firebase-common:20.1.1] AndroidManifest.xml:29:13-43
120            android:exported="false"
120-->[com.google.firebase:firebase-common:20.1.1] AndroidManifest.xml:30:13-37
121            android:initOrder="100" />
121-->[com.google.firebase:firebase-common:20.1.1] AndroidManifest.xml:31:13-36
122
123        <activity
123-->[com.google.android.gms:play-services-base:17.1.0] AndroidManifest.xml:23:9-26:75
124            android:name="com.google.android.gms.common.api.GoogleApiActivity"
124-->[com.google.android.gms:play-services-base:17.1.0] AndroidManifest.xml:24:13-79
125            android:exported="false"
125-->[com.google.android.gms:play-services-base:17.1.0] AndroidManifest.xml:25:13-37
126            android:theme="@android:style/Theme.Translucent.NoTitleBar" />
126-->[com.google.android.gms:play-services-base:17.1.0] AndroidManifest.xml:26:13-72
127
128        <meta-data
128-->[com.google.android.gms:play-services-basement:18.0.0] AndroidManifest.xml:21:9-23:69
129            android:name="com.google.android.gms.version"
129-->[com.google.android.gms:play-services-basement:18.0.0] AndroidManifest.xml:22:13-58
130            android:value="@integer/google_play_services_version" />
130-->[com.google.android.gms:play-services-basement:18.0.0] AndroidManifest.xml:23:13-66
131    </application>
132
133</manifest>